[1.297s] DEBUG:colcon:Command line arguments: ['/usr/bin/colcon', 'build']
[1.297s] DEBUG:colcon:Parsed command line arguments: Namespace(log_base=None, log_level=None, verb_name='build', build_base='build', install_base='install', merge_install=False, symlink_install=False, test_result_base=None, continue_on_error=False, executor='parallel', parallel_workers=12, event_handlers=None, ignore_user_meta=False, metas=['./colcon.meta'], base_paths=['.'], packages_ignore=None, packages_ignore_regex=None, paths=None, packages_up_to=None, packages_up_to_regex=None, packages_above=None, packages_above_and_dependencies=None, packages_above_depth=None, packages_select_by_dep=None, packages_skip_by_dep=None, packages_skip_up_to=None, packages_select_build_failed=False, packages_skip_build_finished=False, packages_select_test_failures=False, packages_skip_test_passed=False, packages_select=None, packages_skip=None, packages_select_regex=None, packages_skip_regex=None, packages_start=None, packages_end=None, allow_overriding=[], cmake_args=None, cmake_target=None, cmake_target_skip_unavailable=False, cmake_clean_cache=False, cmake_clean_first=False, cmake_force_configure=False, ament_cmake_args=None, catkin_cmake_args=None, catkin_skip_building_tests=False, verb_parser=<colcon_defaults.argument_parser.defaults.DefaultArgumentsDecorator object at 0x7fb049470430>, verb_extension=<colcon_core.verb.build.BuildVerb object at 0x7fb0494d97b0>, main=<bound method BuildVerb.main of <colcon_core.verb.build.BuildVerb object at 0x7fb0494d97b0>>)
[1.353s] Level 1:colcon.colcon_core.package_discovery:discover_packages(colcon_meta) check parameters
[1.353s] Level 1:colcon.colcon_core.package_discovery:discover_packages(recursive) check parameters
[1.353s] Level 1:colcon.colcon_core.package_discovery:discover_packages(ignore) check parameters
[1.353s] Level 1:colcon.colcon_core.package_discovery:discover_packages(path) check parameters
[1.353s] Level 1:colcon.colcon_core.package_discovery:discover_packages(colcon_meta) discover
[1.353s] Level 1:colcon.colcon_core.package_discovery:discover_packages(recursive) discover
[1.353s] INFO:colcon.colcon_core.package_discovery:Crawling recursively for packages in '/home/dominik/tech/rosbot-telepresence/ros2_ws'
[1.353s] Level 1:colcon.colcon_core.package_identification:_identify(.) by extensions ['ignore', 'ignore_ament_install']
[1.354s] Level 1:colcon.colcon_core.package_identification:_identify(.) by extension 'ignore'
[1.354s] Level 1:colcon.colcon_core.package_identification:_identify(.) by extension 'ignore_ament_install'
[1.354s] Level 1:colcon.colcon_core.package_identification:_identify(.) by extensions ['colcon_pkg']
[1.354s] Level 1:colcon.colcon_core.package_identification:_identify(.) by extension 'colcon_pkg'
[1.354s] Level 1:colcon.colcon_core.package_identification:_identify(.) by extensions ['colcon_meta']
[1.354s] Level 1:colcon.colcon_core.package_identification:_identify(.) by extension 'colcon_meta'
[1.354s] Level 1:colcon.colcon_core.package_identification:_identify(.) by extensions ['ros']
[1.354s] Level 1:colcon.colcon_core.package_identification:_identify(.) by extension 'ros'
[1.363s] Level 1:colcon.colcon_core.package_identification:_identify(.) by extensions ['cmake', 'python']
[1.363s] Level 1:colcon.colcon_core.package_identification:_identify(.) by extension 'cmake'
[1.364s] Level 1:colcon.colcon_core.package_identification:_identify(.) by extension 'python'
[1.364s] Level 1:colcon.colcon_core.package_identification:_identify(.) by extensions ['python_setup_py']
[1.364s] Level 1:colcon.colcon_core.package_identification:_identify(.) by extension 'python_setup_py'
[1.364s] Level 1:colcon.colcon_core.package_identification:_identify(build) by extensions ['ignore', 'ignore_ament_install']
[1.364s] Level 1:colcon.colcon_core.package_identification:_identify(build) by extension 'ignore'
[1.364s] Level 1:colcon.colcon_core.package_identification:_identify(build) ignored
[1.364s] Level 1:colcon.colcon_core.package_identification:_identify(install) by extensions ['ignore', 'ignore_ament_install']
[1.364s] Level 1:colcon.colcon_core.package_identification:_identify(install) by extension 'ignore'
[1.364s] Level 1:colcon.colcon_core.package_identification:_identify(install) ignored
[1.364s] Level 1:colcon.colcon_core.package_identification:_identify(log) by extensions ['ignore', 'ignore_ament_install']
[1.364s] Level 1:colcon.colcon_core.package_identification:_identify(log) by extension 'ignore'
[1.364s] Level 1:colcon.colcon_core.package_identification:_identify(log) ignored
[1.364s] Level 1:colcon.colcon_core.package_identification:_identify(src) by extensions ['ignore', 'ignore_ament_install']
[1.364s] Level 1:colcon.colcon_core.package_identification:_identify(src) by extension 'ignore'
[1.364s] Level 1:colcon.colcon_core.package_identification:_identify(src) by extension 'ignore_ament_install'
[1.364s] Level 1:colcon.colcon_core.package_identification:_identify(src) by extensions ['colcon_pkg']
[1.365s] Level 1:colcon.colcon_core.package_identification:_identify(src) by extension 'colcon_pkg'
[1.365s] Level 1:colcon.colcon_core.package_identification:_identify(src) by extensions ['colcon_meta']
[1.365s] Level 1:colcon.colcon_core.package_identification:_identify(src) by extension 'colcon_meta'
[1.365s] Level 1:colcon.colcon_core.package_identification:_identify(src) by extensions ['ros']
[1.365s] Level 1:colcon.colcon_core.package_identification:_identify(src) by extension 'ros'
[1.365s] Level 1:colcon.colcon_core.package_identification:_identify(src) by extensions ['cmake', 'python']
[1.365s] Level 1:colcon.colcon_core.package_identification:_identify(src) by extension 'cmake'
[1.365s] Level 1:colcon.colcon_core.package_identification:_identify(src) by extension 'python'
[1.365s] Level 1:colcon.colcon_core.package_identification:_identify(src) by extensions ['python_setup_py']
[1.365s] Level 1:colcon.colcon_core.package_identification:_identify(src) by extension 'python_setup_py'
[1.365s] Level 1:colcon.colcon_core.package_identification:_identify(src/teleop_ui_ros) by extensions ['ignore', 'ignore_ament_install']
[1.365s] Level 1:colcon.colcon_core.package_identification:_identify(src/teleop_ui_ros) by extension 'ignore'
[1.365s] Level 1:colcon.colcon_core.package_identification:_identify(src/teleop_ui_ros) by extension 'ignore_ament_install'
[1.365s] Level 1:colcon.colcon_core.package_identification:_identify(src/teleop_ui_ros) by extensions ['colcon_pkg']
[1.365s] Level 1:colcon.colcon_core.package_identification:_identify(src/teleop_ui_ros) by extension 'colcon_pkg'
[1.365s] Level 1:colcon.colcon_core.package_identification:_identify(src/teleop_ui_ros) by extensions ['colcon_meta']
[1.365s] Level 1:colcon.colcon_core.package_identification:_identify(src/teleop_ui_ros) by extension 'colcon_meta'
[1.365s] Level 1:colcon.colcon_core.package_identification:_identify(src/teleop_ui_ros) by extensions ['ros']
[1.365s] Level 1:colcon.colcon_core.package_identification:_identify(src/teleop_ui_ros) by extension 'ros'
[1.368s] DEBUG:colcon.colcon_core.package_identification:Package 'src/teleop_ui_ros' with type 'ros.ament_python' and name 'teleop_ui_ros'
[1.368s] Level 1:colcon.colcon_core.package_discovery:discover_packages(recursive) using defaults
[1.368s] Level 1:colcon.colcon_core.package_discovery:discover_packages(ignore) discover
[1.368s] Level 1:colcon.colcon_core.package_discovery:discover_packages(ignore) using defaults
[1.368s] Level 1:colcon.colcon_core.package_discovery:discover_packages(path) discover
[1.368s] Level 1:colcon.colcon_core.package_discovery:discover_packages(path) using defaults
[1.468s] Level 1:colcon.colcon_core.package_discovery:discover_packages(prefix_path) check parameters
[1.468s] Level 1:colcon.colcon_core.package_discovery:discover_packages(prefix_path) discover
[1.503s] DEBUG:colcon.colcon_installed_package_information.package_discovery:Found 214 installed packages in /opt/ros/humble
[1.504s] Level 1:colcon.colcon_core.package_discovery:discover_packages(prefix_path) using defaults
[1.591s] Level 5:colcon.colcon_core.verb:set package 'teleop_ui_ros' build argument 'cmake_args' from command line to 'None'
[1.591s] Level 5:colcon.colcon_core.verb:set package 'teleop_ui_ros' build argument 'cmake_target' from command line to 'None'
[1.591s] Level 5:colcon.colcon_core.verb:set package 'teleop_ui_ros' build argument 'cmake_target_skip_unavailable' from command line to 'False'
[1.592s] Level 5:colcon.colcon_core.verb:set package 'teleop_ui_ros' build argument 'cmake_clean_cache' from command line to 'False'
[1.592s] Level 5:colcon.colcon_core.verb:set package 'teleop_ui_ros' build argument 'cmake_clean_first' from command line to 'False'
[1.592s] Level 5:colcon.colcon_core.verb:set package 'teleop_ui_ros' build argument 'cmake_force_configure' from command line to 'False'
[1.592s] Level 5:colcon.colcon_core.verb:set package 'teleop_ui_ros' build argument 'ament_cmake_args' from command line to 'None'
[1.592s] Level 5:colcon.colcon_core.verb:set package 'teleop_ui_ros' build argument 'catkin_cmake_args' from command line to 'None'
[1.592s] Level 5:colcon.colcon_core.verb:set package 'teleop_ui_ros' build argument 'catkin_skip_building_tests' from command line to 'False'
[1.592s] DEBUG:colcon.colcon_core.verb:Building package 'teleop_ui_ros' with the following arguments: {'ament_cmake_args': None, 'build_base': '/home/dominik/tech/rosbot-telepresence/ros2_ws/build/teleop_ui_ros', 'catkin_cmake_args': None, 'catkin_skip_building_tests': False, 'cmake_args': None, 'cmake_clean_cache': False, 'cmake_clean_first': False, 'cmake_force_configure': False, 'cmake_target': None, 'cmake_target_skip_unavailable': False, 'install_base': '/home/dominik/tech/rosbot-telepresence/ros2_ws/install/teleop_ui_ros', 'merge_install': False, 'path': '/home/dominik/tech/rosbot-telepresence/ros2_ws/src/teleop_ui_ros', 'symlink_install': False, 'test_result_base': None}
[1.608s] INFO:colcon.colcon_core.executor:Executing jobs using 'parallel' executor
[1.624s] DEBUG:colcon.colcon_parallel_executor.executor.parallel:run_until_complete
[1.624s] INFO:colcon.colcon_ros.task.ament_python.build:Building ROS package in '/home/dominik/tech/rosbot-telepresence/ros2_ws/src/teleop_ui_ros' with build type 'ament_python'
[1.624s] Level 1:colcon.colcon_core.shell:create_environment_hook('teleop_ui_ros', 'ament_prefix_path')
[1.645s] INFO:colcon.colcon_core.plugin_system:Skipping extension 'colcon_core.shell.bat': Not used on non-Windows systems
[1.645s] INFO:colcon.colcon_core.shell:Creating environment hook '/home/dominik/tech/rosbot-telepresence/ros2_ws/install/teleop_ui_ros/share/teleop_ui_ros/hook/ament_prefix_path.ps1'
[1.646s] INFO:colcon.colcon_core.shell:Creating environment descriptor '/home/dominik/tech/rosbot-telepresence/ros2_ws/install/teleop_ui_ros/share/teleop_ui_ros/hook/ament_prefix_path.dsv'
[1.646s] INFO:colcon.colcon_core.shell:Creating environment hook '/home/dominik/tech/rosbot-telepresence/ros2_ws/install/teleop_ui_ros/share/teleop_ui_ros/hook/ament_prefix_path.sh'
[1.663s] INFO:colcon.colcon_core.shell:Skip shell extension 'powershell' for command environment: Not usable outside of PowerShell
[1.663s] DEBUG:colcon.colcon_core.shell:Skip shell extension 'dsv' for command environment
[1.971s] INFO:colcon.colcon_core.task.python.build:Building Python package in '/home/dominik/tech/rosbot-telepresence/ros2_ws/src/teleop_ui_ros'
[1.989s] INFO:colcon.colcon_core.shell:Skip shell extension 'powershell' for command environment: Not usable outside of PowerShell
[1.989s] DEBUG:colcon.colcon_core.shell:Skip shell extension 'dsv' for command environment
[2.462s] DEBUG:colcon.colcon_core.event_handler.log_command:Invoking command in '/home/dominik/tech/rosbot-telepresence/ros2_ws/src/teleop_ui_ros': PYTHONPATH=/home/dominik/tech/rosbot-telepresence/ros2_ws/build/teleop_ui_ros/prefix_override:/home/dominik/tech/rosbot-telepresence/ros2_ws/install/teleop_ui_ros/lib/python3.10/site-packages:${PYTHONPATH} /usr/bin/python3 setup.py egg_info --egg-base ../../build/teleop_ui_ros build --build-base /home/dominik/tech/rosbot-telepresence/ros2_ws/build/teleop_ui_ros/build install --record /home/dominik/tech/rosbot-telepresence/ros2_ws/build/teleop_ui_ros/install.log --single-version-externally-managed
[2.770s] DEBUG:colcon.colcon_core.event_handler.log_command:Invoked command in '/home/dominik/tech/rosbot-telepresence/ros2_ws/src/teleop_ui_ros' returned '0': PYTHONPATH=/home/dominik/tech/rosbot-telepresence/ros2_ws/build/teleop_ui_ros/prefix_override:/home/dominik/tech/rosbot-telepresence/ros2_ws/install/teleop_ui_ros/lib/python3.10/site-packages:${PYTHONPATH} /usr/bin/python3 setup.py egg_info --egg-base ../../build/teleop_ui_ros build --build-base /home/dominik/tech/rosbot-telepresence/ros2_ws/build/teleop_ui_ros/build install --record /home/dominik/tech/rosbot-telepresence/ros2_ws/build/teleop_ui_ros/install.log --single-version-externally-managed
[2.792s] Level 1:colcon.colcon_core.environment:checking '/home/dominik/tech/rosbot-telepresence/ros2_ws/install/teleop_ui_ros' for CMake module files
[2.792s] Level 1:colcon.colcon_core.environment:checking '/home/dominik/tech/rosbot-telepresence/ros2_ws/install/teleop_ui_ros' for CMake config files
[2.793s] Level 1:colcon.colcon_core.environment:checking '/home/dominik/tech/rosbot-telepresence/ros2_ws/install/teleop_ui_ros/lib'
[2.793s] Level 1:colcon.colcon_core.environment:checking '/home/dominik/tech/rosbot-telepresence/ros2_ws/install/teleop_ui_ros/bin'
[2.793s] Level 1:colcon.colcon_core.environment:checking '/home/dominik/tech/rosbot-telepresence/ros2_ws/install/teleop_ui_ros/lib/pkgconfig/teleop_ui_ros.pc'
[2.793s] Level 1:colcon.colcon_core.environment:checking '/home/dominik/tech/rosbot-telepresence/ros2_ws/install/teleop_ui_ros/lib/python3.10/site-packages'
[2.793s] Level 1:colcon.colcon_core.shell:create_environment_hook('teleop_ui_ros', 'pythonpath')
[2.809s] INFO:colcon.colcon_core.shell:Creating environment hook '/home/dominik/tech/rosbot-telepresence/ros2_ws/install/teleop_ui_ros/share/teleop_ui_ros/hook/pythonpath.ps1'
[2.809s] INFO:colcon.colcon_core.shell:Creating environment descriptor '/home/dominik/tech/rosbot-telepresence/ros2_ws/install/teleop_ui_ros/share/teleop_ui_ros/hook/pythonpath.dsv'
[2.810s] INFO:colcon.colcon_core.shell:Creating environment hook '/home/dominik/tech/rosbot-telepresence/ros2_ws/install/teleop_ui_ros/share/teleop_ui_ros/hook/pythonpath.sh'
[2.810s] Level 1:colcon.colcon_core.environment:checking '/home/dominik/tech/rosbot-telepresence/ros2_ws/install/teleop_ui_ros/bin'
[2.810s] Level 1:colcon.colcon_core.environment:create_environment_scripts_only(teleop_ui_ros)
[2.827s] INFO:colcon.colcon_core.shell:Creating package script '/home/dominik/tech/rosbot-telepresence/ros2_ws/install/teleop_ui_ros/share/teleop_ui_ros/package.ps1'
[2.828s] INFO:colcon.colcon_core.shell:Creating package descriptor '/home/dominik/tech/rosbot-telepresence/ros2_ws/install/teleop_ui_ros/share/teleop_ui_ros/package.dsv'
[2.829s] INFO:colcon.colcon_core.shell:Creating package script '/home/dominik/tech/rosbot-telepresence/ros2_ws/install/teleop_ui_ros/share/teleop_ui_ros/package.sh'
[2.830s] INFO:colcon.colcon_core.shell:Creating package script '/home/dominik/tech/rosbot-telepresence/ros2_ws/install/teleop_ui_ros/share/teleop_ui_ros/package.bash'
[2.830s] INFO:colcon.colcon_core.shell:Creating package script '/home/dominik/tech/rosbot-telepresence/ros2_ws/install/teleop_ui_ros/share/teleop_ui_ros/package.zsh'
[2.831s] Level 1:colcon.colcon_core.environment:create_file_with_runtime_dependencies(/home/dominik/tech/rosbot-telepresence/ros2_ws/install/teleop_ui_ros/share/colcon-core/packages/teleop_ui_ros)
[2.831s] DEBUG:colcon.colcon_parallel_executor.executor.parallel:closing loop
[2.831s] DEBUG:colcon.colcon_parallel_executor.executor.parallel:loop closed
[2.831s] DEBUG:colcon.colcon_parallel_executor.executor.parallel:run_until_complete finished with '0'
[2.831s] DEBUG:colcon.colcon_core.event_reactor:joining thread
[2.854s] INFO:colcon.colcon_core.plugin_system:Skipping extension 'colcon_notification.desktop_notification.terminal_notifier': Not used on non-Darwin systems
[2.854s] INFO:colcon.colcon_core.plugin_system:Skipping extension 'colcon_notification.desktop_notification.win32': Not used on non-Windows systems
[2.855s] INFO:colcon.colcon_notification.desktop_notification:Sending desktop notification using 'notify2'
[2.868s] DEBUG:colcon.colcon_core.event_reactor:joined thread
[2.888s] INFO:colcon.colcon_core.shell:Creating prefix script '/home/dominik/tech/rosbot-telepresence/ros2_ws/install/local_setup.ps1'
[2.889s] INFO:colcon.colcon_core.shell:Creating prefix util module '/home/dominik/tech/rosbot-telepresence/ros2_ws/install/_local_setup_util_ps1.py'
[2.890s] INFO:colcon.colcon_core.shell:Creating prefix chain script '/home/dominik/tech/rosbot-telepresence/ros2_ws/install/setup.ps1'
[2.907s] INFO:colcon.colcon_core.shell:Creating prefix script '/home/dominik/tech/rosbot-telepresence/ros2_ws/install/local_setup.sh'
[2.907s] INFO:colcon.colcon_core.shell:Creating prefix util module '/home/dominik/tech/rosbot-telepresence/ros2_ws/install/_local_setup_util_sh.py'
[2.908s] INFO:colcon.colcon_core.shell:Creating prefix chain script '/home/dominik/tech/rosbot-telepresence/ros2_ws/install/setup.sh'
[2.926s] INFO:colcon.colcon_core.shell:Creating prefix script '/home/dominik/tech/rosbot-telepresence/ros2_ws/install/local_setup.bash'
[2.927s] INFO:colcon.colcon_core.shell:Creating prefix chain script '/home/dominik/tech/rosbot-telepresence/ros2_ws/install/setup.bash'
[2.944s] INFO:colcon.colcon_core.shell:Creating prefix script '/home/dominik/tech/rosbot-telepresence/ros2_ws/install/local_setup.zsh'
[2.944s] INFO:colcon.colcon_core.shell:Creating prefix chain script '/home/dominik/tech/rosbot-telepresence/ros2_ws/install/setup.zsh'
